2025-11-10 11:36:59,488 - INFO - Starting batch geocoding...
2025-11-10 11:37:01,199 - INFO - Found 83 addresses to geocode.
2025-11-10 11:37:02,168 - INFO - Geocoded 1171 william d fitch pkwy, college station, TX 77845 (Property_ID: 1171-77845) -> (30.561763, -96.255672)
2025-11-10 11:37:04,279 - INFO - Geocoded 4001 state highway 6 s, college station, TX 77845 (Property_ID: 4001-77845) -> (30.583967, -96.281786)
2025-11-10 11:40:26,130 - INFO - Starting batch geocoding...
2025-11-10 11:40:27,921 - INFO - Found 83 addresses to geocode.
2025-11-10 11:40:28,809 - INFO - Geocoded 1171 william d fitch pkwy, college station, TX 77845 (Property_ID: 1171-77845) -> (30.561763, -96.255672)
2025-11-10 11:40:30,983 - INFO - Geocoded 4001 state highway 6 s, college station, TX 77845 (Property_ID: 4001-77845) -> (30.583967, -96.281786)
2025-11-10 11:40:33,217 - INFO - Geocoded 3901 s state highway 6 s, college station, TX 77845 (Property_ID: 3901-77845) -> (30.587499, -96.285015)
2025-11-10 11:40:35,095 - INFO - Geocoded 2702 texas ave s, college station, TX 77840 (Property_ID: 2702-77840) -> (30.60086, -96.303871)
2025-11-10 11:40:37,059 - INFO - Geocoded 2561 texas ave s, college station, TX 77840 (Property_ID: 2561-77840) -> (30.605168, -96.305116)
2025-11-10 11:40:38,960 - INFO - Geocoded 2501 texas ave s, college station, TX 77840 (Property_ID: 2501-77840) -> (30.60721, -96.307218)
2025-11-10 11:40:40,805 - INFO - Geocoded 2500 texas ave s, college station, TX 77840 (Property_ID: 2500-77840) -> (30.606638, -96.309138)
2025-11-10 11:40:42,767 - INFO - Geocoded 1900 texas ave s, college station, TX 77840 (Property_ID: 1900-77840) -> (30.612685, -96.318642)
2025-11-10 11:40:44,804 - INFO - Geocoded 103 holleman dr e, college station, TX 77840 (Property_ID: 103-77840) -> (30.613396, -96.315606)
2025-11-10 11:40:46,814 - INFO - Geocoded 1801 texas ave s, college station, TX 77840 (Property_ID: 1801-77840) -> (30.61462, -96.317597)
2025-11-10 11:40:48,703 - INFO - Geocoded 112 harvey rd, college station, TX 77840 (Property_ID: 112-77840) -> (30.615444, -96.3182)
2025-11-10 11:40:50,659 - INFO - Geocoded 410 harvey rd, college station, TX 77840 (Property_ID: 410-77840) -> (30.617781, -96.315132)
2025-11-10 11:40:52,687 - INFO - Geocoded 1100 harvey rd, college station, TX 77840 (Property_ID: 1100-77840) -> (30.623648, -96.3075)
2025-11-10 11:40:54,713 - INFO - Geocoded 1601 harvey rd, college station, TX 77840 (Property_ID: 1601-77840) -> (30.629184, -96.303783)
2025-11-10 11:40:56,974 - INFO - Geocoded 1505 s texas ave s, college station, TX 77840 (Property_ID: 1505-77840) -> (30.618052, -96.319791)
2025-11-10 11:40:58,905 - INFO - Geocoded 1400 texas ave s, college station, TX 77840 (Property_ID: 1400-77840) -> (30.617273, -96.323085)
2025-11-10 11:41:00,862 - INFO - Geocoded 1405 texas ave s, college station, TX 77840 (Property_ID: 1405-77840) -> (30.618387, -96.322552)
2025-11-10 11:41:02,791 - INFO - Geocoded 813 texas ave s, college station, TX 77840 (Property_ID: 813-77840) -> (30.62554, -96.331436)
2025-11-10 11:41:04,765 - INFO - Geocoded 711 texas ave s, college station, TX 77840 (Property_ID: 711-77840) -> (30.626211, -96.330527)
2025-11-10 11:41:06,833 - INFO - Geocoded 701 texas ave s, college station, TX 77840 (Property_ID: 701-77840) -> (30.626752, -96.332966)
2025-11-10 11:41:08,807 - INFO - Geocoded 102 university dr e, college station, TX 77840 (Property_ID: 102-77840) -> (30.628269, -96.334003)
2025-11-10 11:41:10,851 - INFO - Geocoded 1600 university dr e, college station, TX 77840 (Property_ID: 1600-77840) -> (30.637768, -96.313696)
2025-11-10 11:41:12,797 - INFO - Geocoded 913 E Berry St, Fort Worth, TX 76110-4452 (Property_ID: 913-76110) -> (32.706073, -97.318214)
2025-11-10 11:41:14,786 - INFO - Geocoded 2580 W Camp Wisdom Rd, Grand Prairie, TX 75052-3089 (Property_ID: 2580-75052) -> (32.648399, -97.046064)
2025-11-10 11:41:16,729 - INFO - Geocoded 3305 S Mayhill Rd, Denton, TX 76208-6053 (Property_ID: 3305-76208) -> (33.173969, -97.087629)
2025-11-10 11:41:18,624 - INFO - Geocoded 8300 Precinct Line Rd, Colleyville, TX 76034 (Property_ID: 8300-76034) -> (32.904374, -97.185741)
2025-11-10 11:41:20,544 - INFO - Geocoded 1664 S University Dr, Fort Worth, TX 76107 (Property_ID: 1664-76107) -> (32.72644, -97.361791)
2025-11-10 11:41:22,520 - INFO - Geocoded 5201 N Beach St, Fort Worth, TX 76137 (Property_ID: 5201-76137) -> (32.837477, -97.291235)
2025-11-10 11:41:24,510 - INFO - Geocoded 5737 Hulen St, Fort Worth, TX 76132 (Property_ID: 5737-76132) -> (32.665059, -97.401024)
2025-11-10 11:41:27,251 - INFO - Geocoded 8700 Main St, Frisco, TX 75033-3072 (Property_ID: 8700-75033) -> (33.151127, -96.80769)
2025-11-10 11:41:29,212 - INFO - Geocoded 12160 W Parmer Ln, Cedar Park, TX 78613 (Property_ID: 12160-12160) -> (30.52258, -97.773487)
2025-11-10 11:41:31,170 - INFO - Geocoded 1450 Debbie Ln, Arlington, TX 76002-5033 (Property_ID: 1450-76002) -> (32.607865, -97.079196)
2025-11-10 11:41:33,086 - INFO - Geocoded 4625 Donnelly Ave, Fort Worth, TX 76107 (Property_ID: 4625-76107) -> (32.72863, -97.389299)
2025-11-10 11:41:35,031 - INFO - Geocoded 4720 Sublett Rd, Arlington, TX 76017 (Property_ID: 4720-76017) -> (32.64597, -97.182813)
2025-11-10 11:41:36,968 - INFO - Geocoded 1200 Waters Edge Rd, Granbury, TX 76048 (Property_ID: 1200-76048) -> (32.432206, -97.778117)
2025-11-10 11:41:38,897 - INFO - Geocoded 2551 NE 28th St, Fort Worth, TX 76111 (Property_ID: 2551-76111) -> (32.795777, -97.318636)
2025-11-10 11:41:40,867 - INFO - Geocoded 2100 E Abram St, Arlington, TX 76010-1310 (Property_ID: 2100-76010) -> (32.734804, -97.073178)
2025-11-10 11:41:42,942 - INFO - Geocoded 7630 N Beach St, Fort Worth, TX 76137-1299 (Property_ID: 7630-76137) -> (32.878563, -97.288912)
2025-11-10 11:41:44,913 - INFO - Geocoded 8653 N Beach St, Fort Worth, TX 76244-4978 (Property_ID: 8653-76244) -> (32.896461, -97.290245)
2025-11-10 11:41:46,867 - INFO - Geocoded 5219 Broadway Blvd, Garland, TX 75043 (Property_ID: 5219-75043) -> (32.851357, -96.599253)
2025-11-10 11:41:48,798 - INFO - Geocoded 5949 Broadway Blvd, Garland, TX 75043 (Property_ID: 5949-75043) -> (32.843433, -96.596221)
2025-11-10 11:41:50,751 - INFO - Geocoded 6100-6120 SW Bryant Irvin Rd, Fort Worth, TX 76132 (Property_ID: 6100-76132) -> (32.661228, -97.424287)
2025-11-10 11:41:52,759 - INFO - Geocoded 6124-6148 SW Bryant Irvin Rd, Fort Worth, TX 76132 (Property_ID: 6124-76132) -> (32.661081, -97.4245)
2025-11-10 11:41:54,777 - INFO - Geocoded 1401 S Buckner Blvd, Dallas, TX 75217 (Property_ID: 1401-75217) -> (32.736442, -96.683433)
2025-11-10 11:41:56,802 - INFO - Geocoded 2445 S Buckner Blvd, Dallas, TX 75227-8608 (Property_ID: 2445-75227) -> (32.754201, -96.683354)
2025-11-10 11:41:58,783 - INFO - Geocoded 3710 S Carrier Pky, Grand Prairie, TX 75052-6670 (Property_ID: 3710-75052) -> (32.682882, -97.008136)
2025-11-10 11:42:00,756 - INFO - Geocoded 3415 S Collins St, Arlington, TX 76014 (Property_ID: 3415-76014) -> (32.69055, -97.097014)
2025-11-10 11:42:03,044 - INFO - Geocoded 4931-4941 S Collins St, Arlington, TX 76018-1106 (Property_ID: 4931-76018) -> (32.666353, -97.089971)
2025-11-10 11:42:05,054 - INFO - Geocoded 3610 S Cooper St, Arlington, TX 76015-3478 (Property_ID: 3610-76015) -> (32.68718, -97.132084)
2025-11-10 11:42:07,229 - INFO - Geocoded 18900 N Dallas Pky, Dallas, TX 75287-6913 (Property_ID: 18900-18900) -> (33.006425, -96.828131)
2025-11-10 11:42:09,269 - INFO - Geocoded 400 Flower Mound Rd, Flower Mound, TX 75028-3412 (Property_ID: 400-75028) -> (33.010484, -97.034826)
2025-11-10 11:42:11,320 - INFO - Geocoded 1017 Fort Worth St, Grand Prairie, TX 75050 (Property_ID: 1017-75050) -> (32.742995, -97.017756)
2025-11-10 11:42:13,332 - INFO - Geocoded 5129-5301 N Garland Ave, Garland, TX 75040 (Property_ID: 5129-75040) -> (32.963026, -96.646266)
2025-11-10 11:42:15,302 - INFO - Geocoded 4200 SW Green Oaks Blvd, Arlington, TX 76017 (Property_ID: 4200-76017) -> (32.65791, -97.1743)
2025-11-10 11:42:17,298 - INFO - Geocoded 1001 E Hebron Pky, Carrollton, TX 75010-1002 (Property_ID: 1001-75010) -> (33.021458, -96.914985)
2025-11-10 11:42:19,177 - INFO - Geocoded 1609 W Hebron Pky, Carrollton, TX 75010 (Property_ID: 1609-75010) -> (33.022717, -96.936487)
2025-11-10 11:42:21,098 - INFO - Geocoded 4908 Heritage Ave, Colleyville, TX 76034 (Property_ID: 4908-76034) -> (32.881148, -97.106861)
2025-11-10 11:42:23,173 - INFO - Geocoded 401-415 E Highway 377, Granbury, TX 76048-2555 (Property_ID: 401-76048) -> (32.433774, -97.783764)
2025-11-10 11:42:25,151 - INFO - Geocoded 450 N Highway 67, Cedar Hill, TX 75104-2135 (Property_ID: 450-75104) -> (32.596606, -96.940826)
2025-11-10 11:42:27,086 - INFO - Geocoded 7447 Hillcrest Rd, Frisco, TX 75035-6201 (Property_ID: 7447-75035) -> (33.139877, -96.785181)
2025-11-10 11:42:29,233 - INFO - Geocoded 8540-8556 S Hulen St, Fort Worth, TX 76123-2741 (Property_ID: 8540-76123) -> (32.618414, -97.389099)
2025-11-10 11:42:31,608 - INFO - Geocoded 4145 E Interstate 35, Denton, TX 76210 (Property_ID: 4145-76210) -> (33.168464, -97.081338)
2025-11-10 11:42:33,576 - INFO - Geocoded 113 NE Johnson Ave, Burleson, TX 76028-4138 (Property_ID: 113-76028) -> (32.543731, -97.324571)
2025-11-10 11:42:35,699 - INFO - Geocoded 2940 Justin Rd, Highland Village, TX 75077 (Property_ID: 2940-75077) -> (33.074192, -97.075841)
2025-11-10 11:42:37,795 - INFO - Geocoded 2460-2464 Lacy Ln, Carrollton, TX 75006 (Property_ID: 2460-75006) -> (32.918245, -96.926488)
2025-11-10 11:42:39,853 - INFO - Geocoded 9911 Lake June Rd, Dallas, TX 75217 (Property_ID: 9911-75217) -> (32.734724, -96.652049)
2025-11-10 11:42:41,815 - INFO - Geocoded 6950 Lebanon Rd, Frisco, TX 75034-6992 (Property_ID: 6950-75034) -> (33.123487, -96.825564)
2025-11-10 11:42:43,759 - INFO - Geocoded 3634 Long Prairie Rd, Flower Mound, TX 75022-2740 (Property_ID: 3634-75022) -> (33.03526, -97.070021)
2025-11-10 11:42:45,643 - INFO - Geocoded 2020 Mansfield Webb Rd, Arlington, TX 76002 (Property_ID: 2020-76002) -> (32.633841, -97.075444)
2025-11-10 11:42:47,542 - INFO - Geocoded 7301 Matlock Rd, Arlington, TX 76002 (Property_ID: 7301-76002) -> (32.626168, -97.114521)
2025-11-10 11:42:49,494 - INFO - Geocoded 7401 Matlock Rd, Arlington, TX 76002 (Property_ID: 7401-76002) -> (32.625485, -97.114504)
2025-11-10 11:42:51,411 - INFO - Geocoded 1201 W McDermott Dr, Allen, TX 75013 (Property_ID: 1201-75013) -> (33.100159, -96.695128)
2025-11-10 11:42:53,280 - INFO - Geocoded 8438 Old Hickory Trl, Dallas, TX 75237 (Property_ID: 8438-75237) -> (32.646537, -96.865105)
2025-11-10 11:42:55,221 - INFO - Geocoded 2425 Parker Rd, Carrollton, TX 75010-4725 (Property_ID: 2425-75010) -> (33.045257, -96.861058)
2025-11-10 11:42:57,120 - INFO - Geocoded 9711 Plano Rd, Dallas, TX 75238-2372 (Property_ID: 9711-75238) -> (32.879648, -96.701376)
2025-11-10 11:42:59,110 - INFO - Geocoded 2941 S Precinct Line Rd, Fort Worth, TX 76118-7607 (Property_ID: 2941-76118) -> (32.800979, -97.181771)
2025-11-10 11:43:01,002 - INFO - Geocoded 5125 N President George Bush Hwy, Garland, TX 75040-2754 (Property_ID: 5125-75040) -> (32.962405, -96.639217)
2025-11-10 11:43:02,889 - INFO - Geocoded Preston Rd & Mockingbird Ln, Frisco, TX 75035 (Property_ID: #N/A) -> (33.185048, -96.802891)
2025-11-10 11:43:04,815 - INFO - Geocoded 3651 Sycamore School Rd, Fort Worth, TX 76133 (Property_ID: 3651-76133) -> (32.633533, -97.372331)
2025-11-10 11:43:06,845 - INFO - Geocoded 5040 N Tarrant Pky, Fort Worth, TX 76244-5388 (Property_ID: 5040-76244) -> (32.893318, -97.274198)
2025-11-10 11:43:09,234 - INFO - Geocoded 2100 VILLAGE Pky, Highland Village, TX 75077 (Property_ID: 2100-75077) -> (33.075439, -97.08222)
2025-11-10 11:43:11,088 - INFO - Geocoded 111 N Vista Ridge, Cedar Park, TX 78613 (Property_ID: 111-78613) -> (30.518264, -97.790435)
2025-11-10 11:43:12,978 - INFO - Geocoded 2900 Wind River Ln, Denton, TX 76210 (Property_ID: 2900-76210) -> (33.174876, -97.098408)
2025-11-10 11:43:14,257 - INFO - Batch geocoding complete: 83 successful, 0 failed.
